app/build/outputs/logs/manifest-merger-debug-report.txt
-- Merging decision tree log ---
manifest
ADDED from src\main\AndroidManifest.xml:2:1-35:12
INJECTED from src\main\AndroidManifest.xml:2:1-35:12
INJECTED from src\main\AndroidManifest.xml:2:1-35:12
INJECTED from src\main\AndroidManifest.xml:2:1-35:12
MERGED from [com.android.support:cardview-v7:27.1.1] AndroidManifest.xml:17:1-22:12
MERGED from [cn.jzvd:jiaozivideoplayer:7.0.4] AndroidManifest.xml:2:1-13:12
MERGED from [:diooto] AndroidManifest.xml:2:1-32:12
MERGED from [com.android.support:design:27.1.1] AndroidManifest.xml:17:1-22:12
MERGED from [com.android.support:appcompat-v7:27.1.1] AndroidManifest.xml:17:1-22:12
MERGED from [org.salient.artvideoplayer:artplayer-java:0.6.0] AndroidManifest.xml:2:1-13:12
MERGED from [org.salient.artvideoplayer:artplayer-ui:0.6.0] AndroidManifest.xml:2:1-11:12
MERGED from [org.salient.artvideoplayer:artplayer-ijk:0.6.0] AndroidManifest.xml:2:1-11:12
MERGED from [org.salient.artvideoplayer:artplayer-armv7a:0.6.0] AndroidManifest.xml:2:1-17:12
MERGED from [me.panpf:sketch-gif:2.6.2-b1] AndroidManifest.xml:2:1-13:12
MERGED from [me.panpf:sketch:2.6.2-b1] AndroidManifest.xml:2:1-16:12
MERGED from [com.github.CymChad:BaseRecyclerViewAdapterHelper:2.9.44] AndroidManifest.xml:2:1-11:12
MERGED from [com.yanzhenjie:sofia:1.0.5] AndroidManifest.xml:17:1-24:12
MERGED from [com.gyf.immersionbar:immersionbar:2.3.3] AndroidManifest.xml:2:1-10:12
MERGED from [com.android.support:support-v4:27.1.1] AndroidManifest.xml:17:1-22:12
MERGED from [com.android.support:support-fragment:27.1.1] AndroidManifest.xml:17:1-22:12
MERGED from [com.android.support:animated-vector-drawable:27.1.1] AndroidManifest.xml:17:1-22:12
MERGED from [com.android.support:recyclerview-v7:27.1.1] AndroidManifest.xml:17:1-22:12
MERGED from [com.android.support:support-core-ui:27.1.1] AndroidManifest.xml:17:1-22:12
MERGED from [com.android.support:support-core-utils:27.1.1] AndroidManifest.xml:17:1-22:12
MERGED from [com.android.support:support-vector-drawable:27.1.1] AndroidManifest.xml:17:1-22:12
MERGED from [com.android.support:transition:27.1.1] AndroidManifest.xml:17:1-22:12
MERGED from [com.android.support:support-media-compat:27.1.1] AndroidManifest.xml:17:1-22:12
MERGED from [com.android.support:support-compat:27.1.1] AndroidManifest.xml:17:1-22:12
MERGED from [tv.danmaku.ijk.media:ijkplayer-java:0.8.8] AndroidManifest.xml:2:1-9:12
MERGED from [tv.danmaku.ijk.media:ijkplayer-armv7a:0.8.8] AndroidManifest.xml:2:1-9:12
MERGED from [android.arch.lifecycle:livedata-core:1.1.0] AndroidManifest.xml:17:1-22:12
MERGED from [android.arch.lifecycle:viewmodel:1.1.0] AndroidManifest.xml:17:1-22:12
MERGED from [android.arch.lifecycle:runtime:1.1.0] AndroidManifest.xml:17:1-22:12
MERGED from [android.arch.core:runtime:1.1.0] AndroidManifest.xml:17:1-22:12
INJECTED from src\main\AndroidManifest.xml:2:1-35:12
INJECTED from src\main\AndroidManifest.xml:2:1-35:12
INJECTED from src\main\AndroidManifest.xml:2:1-35:12
	package
		ADDED from src\main\AndroidManifest.xml:3:11-36
		INJECTED from src\main\AndroidManifest.xml
		INJECTED from src\main\AndroidManifest.xml
	android:versionName
		INJECTED from src\main\AndroidManifest.xml
		ADDED from src\main\AndroidManifest.xml:2:1-35:12
		INJECTED from src\main\AndroidManifest.xml
	android:versionCode
		INJECTED from src\main\AndroidManifest.xml
		ADDED from src\main\AndroidManifest.xml:2:1-35:12
		INJECTED from src\main\AndroidManifest.xml
	xmlns:android
		ADDED from src\main\AndroidManifest.xml:2:11-69
uses-permission#android.permission.RECEIVE_USER_PRESENT
ADDED from src\main\AndroidManifest.xml:5:5-79
MERGED from [:diooto] AndroidManifest.xml:12:5-79
MERGED from [:diooto] AndroidManifest.xml:12:5-79
	android:name
		ADDED from src\main\AndroidManifest.xml:5:22-76
uses-permission#android.permission.INTERNET
ADDED from src\main\AndroidManifest.xml:6:5-67
MERGED from [:diooto] AndroidManifest.xml:13:5-67
MERGED from [:diooto] AndroidManifest.xml:13:5-67
MERGED from [me.panpf:sketch:2.6.2-b1] AndroidManifest.xml:11:5-67
MERGED from [me.panpf:sketch:2.6.2-b1] AndroidManifest.xml:11:5-67
	android:name
		ADDED from src\main\AndroidManifest.xml:6:22-64
uses-permission#android.permission.WAKE_LOCK
ADDED from src\main\AndroidManifest.xml:7:5-68
MERGED from [:diooto] AndroidManifest.xml:14:5-68
MERGED from [:diooto] AndroidManifest.xml:14:5-68
	android:name
		ADDED from src\main\AndroidManifest.xml:7:22-65
uses-permission#android.permission.READ_PHONE_STATE
ADDED from src\main\AndroidManifest.xml:8:5-75
MERGED from [:diooto] AndroidManifest.xml:15:5-75
MERGED from [:diooto] AndroidManifest.xml:15:5-75
	android:name
		ADDED from src\main\AndroidManifest.xml:8:22-72
uses-permission#android.permission.WRITE_EXTERNAL_STORAGE
ADDED from src\main\AndroidManifest.xml:9:5-81
MERGED from [:diooto] AndroidManifest.xml:11:5-81
MERGED from [:diooto] AndroidManifest.xml:11:5-81
MERGED from [:diooto] AndroidManifest.xml:16:5-81
MERGED from [:diooto] AndroidManifest.xml:16:5-81
	android:name
		ADDED from src\main\AndroidManifest.xml:9:22-78
uses-permission#android.permission.READ_EXTERNAL_STORAGE
ADDED from src\main\AndroidManifest.xml:10:5-80
MERGED from [:diooto] AndroidManifest.xml:17:5-80
MERGED from [:diooto] AndroidManifest.xml:17:5-80
	android:name
		ADDED from src\main\AndroidManifest.xml:10:22-77
uses-permission#android.permission.WRITE_SETTINGS
ADDED from src\main\AndroidManifest.xml:11:5-73
	android:name
		ADDED from src\main\AndroidManifest.xml:11:22-70
uses-permission#android.permission.VIBRATE
ADDED from src\main\AndroidManifest.xml:12:5-66
MERGED from [:diooto] AndroidManifest.xml:18:5-66
MERGED from [:diooto] AndroidManifest.xml:18:5-66
	android:name
		ADDED from src\main\AndroidManifest.xml:12:22-63
uses-permission#android.permission.MOUNT_UNMOUNT_FILESYSTEMS
ADDED from src\main\AndroidManifest.xml:13:5-84
	android:name
		ADDED from src\main\AndroidManifest.xml:13:22-81
uses-permission#android.permission.ACCESS_NETWORK_STATE
ADDED from src\main\AndroidManifest.xml:14:5-79
MERGED from [cn.jzvd:jiaozivideoplayer:7.0.4] AndroidManifest.xml:11:5-79
MERGED from [cn.jzvd:jiaozivideoplayer:7.0.4] AndroidManifest.xml:11:5-79
MERGED from [:diooto] AndroidManifest.xml:19:5-79
MERGED from [:diooto] AndroidManifest.xml:19:5-79
MERGED from [org.salient.artvideoplayer:artplayer-java:0.6.0] AndroidManifest.xml:11:5-79
MERGED from [org.salient.artvideoplayer:artplayer-java:0.6.0] AndroidManifest.xml:11:5-79
MERGED from [me.panpf:sketch:2.6.2-b1] AndroidManifest.xml:12:5-79
MERGED from [me.panpf:sketch:2.6.2-b1] AndroidManifest.xml:12:5-79
	android:name
		ADDED from src\main\AndroidManifest.xml:14:22-76
uses-permission#android.permission.ACCESS_WIFI_STATE
ADDED from src\main\AndroidManifest.xml:15:5-76
MERGED from [:diooto] AndroidManifest.xml:20:5-76
MERGED from [:diooto] AndroidManifest.xml:20:5-76
	android:name
		ADDED from src\main\AndroidManifest.xml:15:22-73
application
ADDED from src\main\AndroidManifest.xml:17:5-33:19
MERGED from [:diooto] AndroidManifest.xml:22:5-30:19
MERGED from [:diooto] AndroidManifest.xml:22:5-30:19
MERGED from [org.salient.artvideoplayer:artplayer-armv7a:0.6.0] AndroidManifest.xml:11:5-15:19
MERGED from [org.salient.artvideoplayer:artplayer-armv7a:0.6.0] AndroidManifest.xml:11:5-15:19
MERGED from [me.panpf:sketch-gif:2.6.2-b1] AndroidManifest.xml:11:5-20
MERGED from [me.panpf:sketch-gif:2.6.2-b1] AndroidManifest.xml:11:5-20
MERGED from [me.panpf:sketch:2.6.2-b1] AndroidManifest.xml:14:5-20
MERGED from [me.panpf:sketch:2.6.2-b1] AndroidManifest.xml:14:5-20
	android:supportsRtl
		ADDED from src\main\AndroidManifest.xml:22:9-35
	android:label
		ADDED from src\main\AndroidManifest.xml:21:9-41
	android:icon
		ADDED from src\main\AndroidManifest.xml:20:9-43
	android:allowBackup
		ADDED from src\main\AndroidManifest.xml:18:9-35
	android:theme
		ADDED from src\main\AndroidManifest.xml:23:9-40
	android:name
		ADDED from src\main\AndroidManifest.xml:19:9-43
activity#net.moyokoo.app.MainActivity
ADDED from src\main\AndroidManifest.xml:24:9-30:20
	android:name
		ADDED from src\main\AndroidManifest.xml:24:19-62
intent-filter#action:name:android.intent.action.MAIN+category:name:android.intent.category.LAUNCHER
ADDED from src\main\AndroidManifest.xml:25:13-29:29
action#android.intent.action.MAIN
ADDED from src\main\AndroidManifest.xml:26:17-68
	android:name
		ADDED from src\main\AndroidManifest.xml:26:25-66
category#android.intent.category.LAUNCHER
ADDED from src\main\AndroidManifest.xml:28:17-76
	android:name
		ADDED from src\main\AndroidManifest.xml:28:27-74
activity#net.moyokoo.app.DisplayActivity
ADDED from src\main\AndroidManifest.xml:31:9-32:50
	android:configChanges
		ADDED from src\main\AndroidManifest.xml:32:13-48
	android:name
		ADDED from src\main\AndroidManifest.xml:31:19-65
uses-sdk
INJECTED from src\main\AndroidManifest.xml reason: use-sdk injection requested
INJECTED from src\main\AndroidManifest.xml
INJECTED from src\main\AndroidManifest.xml
MERGED from [com.android.support:cardview-v7:27.1.1] AndroidManifest.xml:20:5-44
MERGED from [com.android.support:cardview-v7:27.1.1] AndroidManifest.xml:20:5-44
MERGED from [cn.jzvd:jiaozivideoplayer:7.0.4] AndroidManifest.xml:7:5-9:41
MERGED from [cn.jzvd:jiaozivideoplayer:7.0.4] AndroidManifest.xml:7:5-9:41
MERGED from [:diooto] AndroidManifest.xml:7:5-9:41
MERGED from [:diooto] AndroidManifest.xml:7:5-9:41
MERGED from [com.android.support:design:27.1.1] AndroidManifest.xml:20:5-44
MERGED from [com.android.support:design:27.1.1] AndroidManifest.xml:20:5-44
MERGED from [com.android.support:appcompat-v7:27.1.1] AndroidManifest.xml:20:5-44
MERGED from [com.android.support:appcompat-v7:27.1.1] AndroidManifest.xml:20:5-44
MERGED from [org.salient.artvideoplayer:artplayer-java:0.6.0] AndroidManifest.xml:7:5-9:41
MERGED from [org.salient.artvideoplayer:artplayer-java:0.6.0] AndroidManifest.xml:7:5-9:41
MERGED from [org.salient.artvideoplayer:artplayer-ui:0.6.0] AndroidManifest.xml:7:5-9:41
MERGED from [org.salient.artvideoplayer:artplayer-ui:0.6.0] AndroidManifest.xml:7:5-9:41
MERGED from [org.salient.artvideoplayer:artplayer-ijk:0.6.0] AndroidManifest.xml:7:5-9:41
MERGED from [org.salient.artvideoplayer:artplayer-ijk:0.6.0] AndroidManifest.xml:7:5-9:41
MERGED from [org.salient.artvideoplayer:artplayer-armv7a:0.6.0] AndroidManifest.xml:7:5-9:41
MERGED from [org.salient.artvideoplayer:artplayer-armv7a:0.6.0] AndroidManifest.xml:7:5-9:41
MERGED from [me.panpf:sketch-gif:2.6.2-b1] AndroidManifest.xml:7:5-9:41
MERGED from [me.panpf:sketch-gif:2.6.2-b1] AndroidManifest.xml:7:5-9:41
MERGED from [me.panpf:sketch:2.6.2-b1] AndroidManifest.xml:7:5-9:41
MERGED from [me.panpf:sketch:2.6.2-b1] AndroidManifest.xml:7:5-9:41
MERGED from [com.github.CymChad:BaseRecyclerViewAdapterHelper:2.9.44] AndroidManifest.xml:7:5-9:41
MERGED from [com.github.CymChad:BaseRecyclerViewAdapterHelper:2.9.44] AndroidManifest.xml:7:5-9:41
MERGED from [com.yanzhenjie:sofia:1.0.5] AndroidManifest.xml:20:5-22:41
MERGED from [com.yanzhenjie:sofia:1.0.5] AndroidManifest.xml:20:5-22:41
MERGED from [com.gyf.immersionbar:immersionbar:2.3.3] AndroidManifest.xml:6:5-8:41
MERGED from [com.gyf.immersionbar:immersionbar:2.3.3] AndroidManifest.xml:6:5-8:41
MERGED from [com.android.support:support-v4:27.1.1] AndroidManifest.xml:20:5-44
MERGED from [com.android.support:support-v4:27.1.1] AndroidManifest.xml:20:5-44
MERGED from [com.android.support:support-fragment:27.1.1] AndroidManifest.xml:20:5-44
MERGED from [com.android.support:support-fragment:27.1.1] AndroidManifest.xml:20:5-44
MERGED from [com.android.support:animated-vector-drawable:27.1.1] AndroidManifest.xml:20:5-44
MERGED from [com.android.support:animated-vector-drawable:27.1.1] AndroidManifest.xml:20:5-44
MERGED from [com.android.support:recyclerview-v7:27.1.1] AndroidManifest.xml:20:5-44
MERGED from [com.android.support:recyclerview-v7:27.1.1] AndroidManifest.xml:20:5-44
MERGED from [com.android.support:support-core-ui:27.1.1] AndroidManifest.xml:20:5-44
MERGED from [com.android.support:support-core-ui:27.1.1] AndroidManifest.xml:20:5-44
MERGED from [com.android.support:support-core-utils:27.1.1] AndroidManifest.xml:20:5-44
MERGED from [com.android.support:support-core-utils:27.1.1] AndroidManifest.xml:20:5-44
MERGED from [com.android.support:support-vector-drawable:27.1.1] AndroidManifest.xml:20:5-44
MERGED from [com.android.support:support-vector-drawable:27.1.1] AndroidManifest.xml:20:5-44
MERGED from [com.android.support:transition:27.1.1] AndroidManifest.xml:20:5-44
MERGED from [com.android.support:transition:27.1.1] AndroidManifest.xml:20:5-44
MERGED from [com.android.support:support-media-compat:27.1.1] AndroidManifest.xml:20:5-44
MERGED from [com.android.support:support-media-compat:27.1.1] AndroidManifest.xml:20:5-44
MERGED from [com.android.support:support-compat:27.1.1] AndroidManifest.xml:20:5-44
MERGED from [com.android.support:support-compat:27.1.1] AndroidManifest.xml:20:5-44
MERGED from [tv.danmaku.ijk.media:ijkplayer-java:0.8.8] AndroidManifest.xml:5:5-7:41
MERGED from [tv.danmaku.ijk.media:ijkplayer-java:0.8.8] AndroidManifest.xml:5:5-7:41
MERGED from [tv.danmaku.ijk.media:ijkplayer-armv7a:0.8.8] AndroidManifest.xml:5:5-7:41
MERGED from [tv.danmaku.ijk.media:ijkplayer-armv7a:0.8.8] AndroidManifest.xml:5:5-7:41
MERGED from [android.arch.lifecycle:livedata-core:1.1.0] AndroidManifest.xml:20:5-44
MERGED from [android.arch.lifecycle:livedata-core:1.1.0] AndroidManifest.xml:20:5-44
MERGED from [android.arch.lifecycle:viewmodel:1.1.0] AndroidManifest.xml:20:5-44
MERGED from [android.arch.lifecycle:viewmodel:1.1.0] AndroidManifest.xml:20:5-44
MERGED from [android.arch.lifecycle:runtime:1.1.0] AndroidManifest.xml:20:5-44
MERGED from [android.arch.lifecycle:runtime:1.1.0] AndroidManifest.xml:20:5-44
MERGED from [android.arch.core:runtime:1.1.0] AndroidManifest.xml:20:5-44
MERGED from [android.arch.core:runtime:1.1.0] AndroidManifest.xml:20:5-44
INJECTED from src\main\AndroidManifest.xml
INJECTED from src\main\AndroidManifest.xml
	android:targetSdkVersion
		INJECTED from src\main\AndroidManifest.xml
		ADDED from src\main\AndroidManifest.xml
		INJECTED from src\main\AndroidManifest.xml
	android:minSdkVersion
		INJECTED from src\main\AndroidManifest.xml
		ADDED from src\main\AndroidManifest.xml
		INJECTED from src\main\AndroidManifest.xml
activity#net.moyokoo.diooto.ImageActivity
ADDED from [:diooto] AndroidManifest.xml:26:9-29:50
	android:configChanges
		ADDED from [:diooto] AndroidManifest.xml:28:13-74
	android:theme
		ADDED from [:diooto] AndroidManifest.xml:29:13-47
	android:name
		ADDED from [:diooto] AndroidManifest.xml:27:13-60